This is pdfTeX, Version 3.14159265-2.6-1.40.21 (TeX Live 2020) (preloaded format=latex 2021.3.29)  29 MAR 2021 22:37
entering extended mode
 restricted \write18 enabled.
 %&-line parsing enabled.
**proyect_presentation.tex
(./proyect_presentation.tex
LaTeX2e <2020-02-02> patch level 5
(/usr/share/texlive/texmf-dist/tex/latex/base/article.cls
Document Class: article 2019/12/20 v1.4l Standard LaTeX document class
(/usr/share/texlive/texmf-dist/tex/latex/base/size11.clo
File: size11.clo 2019/12/20 v1.4l Standard LaTeX file (size option)
)
\c@part=\count80
\c@section=\count81
\c@subsection=\count82
\c@subsubsection=\count83
\c@paragraph=\count84
\c@subparagraph=\count85
\c@figure=\count86
\c@table=\count87
\abovecaptionskip=\skip41
\belowcaptionskip=\skip42
\bibindent=\dimen102
)

! LaTeX Error: File `xcolor.sty' not found.

Type X to quit or <RETURN> to proceed,
or enter new name. (Default extension: sty)

Enter file name: 
! Emergency stop.
<read *> 
         
l.4 \usepackage
               {verse} % Required for typesetting poems - this package drive...
End of file on the terminal!

 
Here is how much of TeX's memory you used:
 215 strings out of 492994
 2319 string characters out of 6157195
 63607 words of memory out of 5000000
 5532 multiletter control sequences out of 15000+600000
 3940 words of font info for 15 fonts, out of 8000000 for 9000
 14 hyphenation exceptions out of 8191
 23i,0n,21p,183b,36s stack positions out of 5000i,500n,10000p,200000b,80000s
No pages of output.
